F:\tekeningen\bibliotheek\poten\tekeningen\90-09-0500.dwg,A4 Hor,29/08/2007 13:34:46,kurt,\\DMS-SV01\DMS-PRT003,A4,1:1,
F:\tekeningen\bibliotheek\poten\Sub-assemblys\poot 1500-1800.dwg,A4 Ver,29/08/2007 13:57:48,kurt,\\DMS-SV01\DMS-PRT003,A4,1:1,
F:\tekeningen\bibliotheek\poten\Sub-assemblys\poot 1200-1500.dwg,A4 Ver,29/08/2007 14:09:39,kurt,\\DMS-SV01\DMS-PRT003,A4,1:1,
F:\tekeningen\bibliotheek\poten\Sub-assemblys\poot 1100-1300.dwg,A4 Ver,29/08/2007 14:22:18,kurt,\\DMS-SV01\DMS-PRT003,A4,1:1,
F:\tekeningen\bibliotheek\poten\Sub-assemblys\poot 1000-1200.dwg,A4 Ver,29/08/2007 14:27:13,kurt,\\DMS-SV01\DMS-PRT003,A4,1:1,
F:\tekeningen\bibliotheek\poten\Sub-assemblys\poot 900-1100.dwg,A4 Ver,29/08/2007 14:36:18,kurt,\\DMS-SV01\DMS-PRT003,A4,1:1,
F:\tekeningen\bibliotheek\poten\Sub-assemblys\poot 900-1100.dwg,A4 Ver,29/08/2007 14:36:35,kurt,\\DMS-SV01\DMS-PRT003,A4,1:1,
F:\tekeningen\bibliotheek\poten\Sub-assemblys\poot 800-1000.dwg,A4 Ver,29/08/2007 14:51:58,kurt,\\DMS-SV01\DMS-PRT003,A4,1:1,
F:\tekeningen\bibliotheek\poten\Sub-assemblys\poot 700-900.dwg,A4 Ver,29/08/2007 15:09:05,kurt,\\DMS-SV01\DMS-PRT003,A4,1:1,
F:\tekeningen\bibliotheek\poten\Sub-assemblys\poot 1100-1300.dwg,A4 Ver,29/08/2007 15:24:56,kurt,\\DMS-SV01\DMS-PRT003,A4,1:1,
F:\tekeningen\bibliotheek\poten\Sub-assemblys\poot 1200-1500.dwg,A4 Ver,29/08/2007 15:25:26,kurt,\\DMS-SV01\DMS-PRT003,A4,1:1,
F:\tekeningen\bibliotheek\poten\Sub-assemblys\poot 600-800.dwg,A4 Ver,29/08/2007 15:25:55,kurt,\\DMS-SV01\DMS-PRT003,A4,1:1,
F:\tekeningen\bibliotheek\poten\Sub-assemblys\poot 500-700.dwg,A4 Ver,29/08/2007 15:29:04,kurt,\\DMS-SV01\DMS-PRT003,A4,1:1,
F:\tekeningen\bibliotheek\poten\Sub-assemblys\poot 415-600.dwg,A4 Ver,29/08/2007 15:32:29,kurt,\\DMS-SV01\DMS-PRT003,A4,1:1,
F:\tekeningen\bibliotheek\poten\Sub-assemblys\poot 365-500.dwg,A4 Ver,29/08/2007 15:35:22,kurt,\\DMS-SV01\DMS-PRT003,A4,1:1,
F:\tekeningen\bibliotheek\poten\Sub-assemblys\poot 330-430.dwg,A4 Ver,29/08/2007 15:37:31,kurt,\\DMS-SV01\DMS-PRT003,A4,1:1,
F:\tekeningen\bibliotheek\poten\Sub-assemblys\poot 305-380.dwg,A4 Ver,29/08/2007 15:40:06,kurt,\\DMS-SV01\DMS-PRT003,A4,1:1,
F:\tekeningen\bibliotheek\poten\Sub-assemblys\poot 285-340.dwg,A4 Ver,29/08/2007 15:42:17,kurt,\\DMS-SV01\DMS-PRT003,A4,1:1,
F:\tekeningen\bibliotheek\poten\Sub-assemblys\poot 265-300.dwg,A4 Ver,29/08/2007 15:51:14,kurt,\\DMS-SV01\DMS-PRT003,A4,1:1,
F:\tekeningen\bibliotheek\poten\Sub-assemblys\poot 250-270.dwg,A4 Ver,29/08/2007 15:55:36,kurt,\\DMS-SV01\DMS-PRT003,A4,1:1,
F:\tekeningen\bibliotheek\poten\Sub-assemblys\poot 1500-1800.dwg,A4 Ver,29/08/2007 16:39:44,kurt,\\DMS-SV01\DMS-PRT003,A4,1:1,
F:\tekeningen\bibliotheek\poten\Sub-assemblys\poot 139-201.dwg,A4 Ver,30/08/2007 8:22:14,kurt,\\DMS-SV01\DMS-PRT003,A4,1:1,
F:\tekeningen\bibliotheek\poten\Sub-assemblys\poot 164-226.dwg,A4 Ver,30/08/2007 8:25:56,kurt,\\DMS-SV01\DMS-PRT003,A4,1:1,
F:\tekeningen\bibliotheek\poten\Sub-assemblys\poot 164-226.dwg,A4 Ver,30/08/2007 8:27:58,kurt,\\DMS-SV01\DMS-PRT003,A4,1:1,
F:\tekeningen\bibliotheek\poten\Sub-assemblys\poot 139-201.dwg,A4 Ver,30/08/2007 8:28:48,kurt,\\DMS-SV01\DMS-PRT003,A4,1:1,
F:\tekeningen\bibliotheek\poten\Sub-assemblys\poot 164-226.dwg,A4 Ver,30/08/2007 8:31:49,kurt,\\DMS-SV01\DMS-PRT003,A4,1:1,
F:\tekeningen\bibliotheek\poten\Sub-assemblys\poot 224-286.dwg,A4 Ver,30/08/2007 8:53:33,kurt,\\DMS-SV01\DMS-PRT003,A4,1:1,
F:\tekeningen\bibliotheek\poten\tekeningen\90-05-0130.dwg,A4 Hor,30/08/2007 8:54:23,kurt,\\DMS-SV01\DMS-PRT003,A4,1:1,
F:\tekeningen\bibliotheek\poten\tekeningen\90-05-0099.dwg,A4 Hor,30/08/2007 9:22:57,kurt,\\DMS-SV01\DMS-PRT003,A4,1:1,
F:\tekeningen\bibliotheek\poten\Sub-assemblys\poot 1500-1800.dwg,A4 Ver,30/08/2007 9:34:33,kurt,\\DMS-SV01\DMS-PRT003,A4,1:1,
C:\Documents and Settings\wimb\Local Settings\Temp\361xxx\361102.dwg,Model,12/12/2007 7:52:50,wimb,\\DMS-SV01\PLOTTER,ISO A2  (landscape),1:1.53888,
C:\Documents and Settings\wimb\Local Settings\Temp\361xxx\361103.dwg,Model,12/12/2007 7:54:56,wimb,\\DMS-SV01\PLOTTER,ISO A2  (landscape),1:1.53888,
C:\Documents and Settings\wimb\Local Settings\Temp\361xxx\361104.dwg,Model,12/12/2007 7:56:42,wimb,\\DMS-SV01\PLOTTER,ISO A2  (landscape),1:1.53888,
C:\Documents and Settings\wimb\Local Settings\Temp\361xxx\361200.dwg,Model,12/12/2007 7:58:42,wimb,\\DMS-SV01\PLOTTER,ISO A2  (landscape),1:1.0881,
F:\Tekeningen\bibliotheek\poten\Sub-assemblys\poot 500-700.dwg,A4 Ver,25/11/2015 15:41:05,Seppe,\\Dms-vsv11\dms-prt013,A4,1:1,
F:\Tekeningen\bibliotheek\poten\Sub-assemblys\poot 500-700.dwg,A4 Ver,17/12/2015 9:03:32,Seppe,\\Dms-vsv11\dms-prt013,A4,1:1,
F:\Tekeningen\bibliotheek\poten\Sub-assemblys\poot 1700-2000.dwg,A4 Ver,02/02/2016 11:52:24,Seppe,\\Dms-vsv11\dms-prt013,A4,1:1,
F:\Tekeningen\bibliotheek\poten\Sub-assemblys\poot 700-900.dwg,A4 Ver,17/05/2016 16:57:54,Seppe,\\Dms-vsv11\dms-prt013,A4,1:0.965588,
F:\Tekeningen\bibliotheek\poten\Sub-assemblys\poot 1200-1500.dwg,A4 Ver,18/05/2016 12:38:40,Seppe,\\Dms-vsv11\dms-prt013,A4,1:1,
F:\Tekeningen\bibliotheek\poten\Sub-assemblys\poot 1000-1200.dwg,A4 Ver,18/05/2016 12:49:46,Seppe,\\Dms-vsv11\dms-prt013,A4,1:1,
